<?xml version="1.0" encoding="UTF-8" ?>
<!DOCTYPE sqlMapConfig PUBLIC "-//ibatis.apache.org//DTD SQL Map Config 2.0//EN" "http://www.ibatis.com/dtd/sql-map-config-2.dtd">
<sqlMapConfig>

	<settings 
		cacheModelsEnabled="true" 
		enhancementEnabled="true"
		lazyLoadingEnabled="true" 
		maxRequests="512" 
		maxSessions="512"
		maxTransactions="512" 
		useStatementNamespaces="true" 
	/>
	<transactionManager type="JDBC">
		<dataSource type="SIMPLE">
			<property name="JDBC.Driver" value="oracle.jdbc.driver.OracleDriver"/>
			<property name="JDBC.ConnectionURL" value="jdbc:oracle:thin:@48.2.1.61:1622:SHQ1212"/>
			<property name="JDBC.Username" value="LSMS"/>
			<property name="JDBC.Password" value="ICWY#76A"/>
		</dataSource>
	</transactionManager>
<!-- 	사용되는 쿼리들 -->
 	<sqlMap resource="mil/af/L6S/component/common/CommonSql.xml"/> 
 	<sqlMap resource="mil/af/L6S/component/subject/SubjectSql.xml"/> 
	<sqlMap resource="mil/af/L6S/component/admin/AdministratorSql.xml"/>
	<sqlMap resource="mil/af/L6S/component/belt/BeltSql.xml"/>
	<sqlMap resource="mil/af/L6S/component/subject/BaseSql.xml"/>
	<sqlMap resource="mil/af/L6S/component/statistics/StatisticsSql.xml"/>    
	<sqlMap resource="mil/af/L6S/component/approvalLine/ApprovalSql.xml"/>    
	
<!-- 	테스트 프로그램 쿼리들 -->
	<sqlMap resource="mil/af/L6S/test/subject/UserInfo.xml"/>    
	
</sqlMapConfig>
	<!-- <sqlMap resource="/mil/af/L6S/component/admin/TestSql.xml"/>  -->