<?xml version="1.0" encoding="UTF-8" ?>
<!DOCTYPE sqlMapConfig PUBLIC "-//ibatis.apache.org//DTD SQL Map Config 2.0//EN" "http://www.ibatis.com/dtd/sql-map-config-2.dtd">
<sqlMapConfig>

	<settings 
		cacheModelsEnabled="true" 
		enhancementEnabled="true"
		lazyLoadingEnabled="true" 
		maxRequests="512" 
		maxSessions="512"
		maxTransactions="512" 
		useStatementNamespaces="true" 
	/>
	<transactionManager type="JDBC">
		<dataSource type="SIMPLE">
			<property name="JDBC.Driver" value="oracle.jdbc.driver.OracleDriver"/>
			<property name="JDBC.ConnectionURL" value="jdbc:oracle:thin:@48.2.1.61:1622:SHQ1212"/>
			<property name="JDBC.Username" value="iers"/>
			<property name="JDBC.Password" value="khg#9bsxz"/>
		</dataSource>
	</transactionManager>
	
	<sqlMap resource="mil/af/iers/config/sql/ReservationSql.xml"/>
	<sqlMap resource="mil/af/iers/config/sql/SettlementSql.xml"/>
	<sqlMap resource="mil/af/iers/config/sql/UserSql.xml"/>
	<sqlMap resource="mil/af/iers/config/sql/VacationFacilitiesSql.xml"/>
	<sqlMap resource="mil/af/iers/config/sql/CodeSql.xml"/>
	
</sqlMapConfig>