<?xml version="1.0" encoding="UTF-8" ?>
<!DOCTYPE sqlMapConfig PUBLIC "-//ibatis.apache.org//DTD SQL Map Config 2.0//EN" "http://www.ibatis.com/dtd/sql-map-config-2.dtd">
<sqlMapConfig>

	<settings 
		cacheModelsEnabled="true" 
		enhancementEnabled="true"
		lazyLoadingEnabled="true" 
		maxRequests="512" 
		maxSessions="512"
		maxTransactions="512" 
		useStatementNamespaces="true" 
	/>
	<transactionManager type="JDBC">
		<dataSource type="SIMPLE">
			<property name="JDBC.Driver" value="oracle.jdbc.driver.OracleDriver"/>
			<property name="JDBC.ConnectionURL" value="jdbc:oracle:thin:@48.2.1.222:1622:SHQ0402"/>
			<property name="JDBC.Username" value="ojt"/>
			<property name="JDBC.Password" value="ojt#0901"/>
		</dataSource>
	</transactionManager>
	
 	<sqlMap resource="mil/af/asti/config/sql/TestSql.xml"/> 
	<sqlMap resource="mil/af/asti/test/hjh/hjhTest.xml"/>
	<sqlMap resource="mil/af/asti/test/hjh/DeptSql.xml"/>
	<sqlMap resource="mil/af/asti/test/hjh/CommonSql.xml"/>
	<sqlMap resource="mil/af/asti/test/hjh/AdminSql.xml"/>
	
</sqlMapConfig>